2024-06-16 13:32:27,708 INFO o.a.j.u.JMeterUtils: Setting Locale to en_EN
2024-06-16 13:32:27,726 INFO o.a.j.JMeter: Loading user properties from: /opt/homebrew/Cellar/jmeter/5.6.3/libexec/bin/user.properties
2024-06-16 13:32:27,727 INFO o.a.j.JMeter: Loading system properties from: /opt/homebrew/Cellar/jmeter/5.6.3/libexec/bin/system.properties
2024-06-16 13:32:27,731 INFO o.a.j.JMeter: Copyright (c) 1998-2024 The Apache Software Foundation
2024-06-16 13:32:27,731 INFO o.a.j.JMeter: Version 5.6.3
2024-06-16 13:32:27,731 INFO o.a.j.JMeter: java.version=21.0.3
2024-06-16 13:32:27,731 INFO o.a.j.JMeter: java.vm.name=OpenJDK 64-Bit Server VM
2024-06-16 13:32:27,731 INFO o.a.j.JMeter: os.name=Mac OS X
2024-06-16 13:32:27,731 INFO o.a.j.JMeter: os.arch=aarch64
2024-06-16 13:32:27,732 INFO o.a.j.JMeter: os.version=14.5
2024-06-16 13:32:27,732 INFO o.a.j.JMeter: file.encoding=UTF-8
2024-06-16 13:32:27,732 INFO o.a.j.JMeter: java.awt.headless=true
2024-06-16 13:32:27,732 INFO o.a.j.JMeter: Max memory     =1073741824
2024-06-16 13:32:27,732 INFO o.a.j.JMeter: Available Processors =8
2024-06-16 13:32:27,740 INFO o.a.j.JMeter: Default Locale=English (EN)
2024-06-16 13:32:27,740 INFO o.a.j.JMeter: JMeter  Locale=English (EN)
2024-06-16 13:32:27,740 INFO o.a.j.JMeter: JMeterHome=/opt/homebrew/Cellar/jmeter/5.6.3/libexec
2024-06-16 13:32:27,741 INFO o.a.j.JMeter: user.dir  =/Users/dheerajhegde/Documents/Code/PythonCode/Apica2JMX
2024-06-16 13:32:27,741 INFO o.a.j.JMeter: PWD       =/Users/dheerajhegde/Documents/Code/PythonCode/Apica2JMX
2024-06-16 13:32:27,748 INFO o.a.j.JMeter: IP: 192.168.1.186 Name: MacBook-Air.lan FullName: macbook-air.lan
2024-06-16 13:32:27,761 INFO o.a.j.s.FileServer: Default base='/Users/dheerajhegde/Documents/Code/PythonCode/Apica2JMX'
2024-06-16 13:32:27,762 INFO o.a.j.s.FileServer: Set new base='/Users/dheerajhegde/Documents/Code/PythonCode/Apica2JMX'
2024-06-16 13:32:27,911 INFO o.a.j.s.SaveService: Testplan (JMX) version: 2.2. Testlog (JTL) version: 2.2
2024-06-16 13:32:27,959 INFO o.a.j.s.SaveService: Using SaveService properties version 5.0
2024-06-16 13:32:27,961 INFO o.a.j.s.SaveService: Using SaveService properties file encoding UTF-8
2024-06-16 13:32:27,963 INFO o.a.j.s.SaveService: Loading file: test_jmx.jmx
2024-06-16 13:32:28,027 INFO o.a.j.p.h.s.HTTPSamplerBase: Parser for text/html is org.apache.jmeter.protocol.http.parser.LagartoBasedHtmlParser
2024-06-16 13:32:28,027 INFO o.a.j.p.h.s.HTTPSamplerBase: Parser for application/xhtml+xml is org.apache.jmeter.protocol.http.parser.LagartoBasedHtmlParser
2024-06-16 13:32:28,027 INFO o.a.j.p.h.s.HTTPSamplerBase: Parser for application/xml is org.apache.jmeter.protocol.http.parser.LagartoBasedHtmlParser
2024-06-16 13:32:28,027 INFO o.a.j.p.h.s.HTTPSamplerBase: Parser for text/xml is org.apache.jmeter.protocol.http.parser.LagartoBasedHtmlParser
2024-06-16 13:32:28,027 INFO o.a.j.p.h.s.HTTPSamplerBase: Parser for text/vnd.wap.wml is org.apache.jmeter.protocol.http.parser.RegexpHTMLParser
2024-06-16 13:32:28,027 INFO o.a.j.p.h.s.HTTPSamplerBase: Parser for text/css is org.apache.jmeter.protocol.http.parser.CssParser
2024-06-16 13:32:28,040 INFO o.a.j.JMeter: Creating summariser <summary>
2024-06-16 13:32:28,057 INFO o.a.j.e.StandardJMeterEngine: Running the test!
2024-06-16 13:32:28,058 INFO o.a.j.s.SampleEvent: List of sample_variables: []
2024-06-16 13:32:28,058 INFO o.a.j.s.SampleEvent: List of sample_variables: []
2024-06-16 13:32:28,061 INFO o.a.j.e.u.CompoundVariable: Note: Function class names must contain the string: '.functions.'
2024-06-16 13:32:28,061 INFO o.a.j.e.u.CompoundVariable: Note: Function class names must not contain the string: '.gui.'
2024-06-16 13:32:28,109 INFO o.a.j.r.ClassFinder: Will scan jar /opt/homebrew/Cellar/jmeter/5.6.3/libexec/lib/ext/jmeter-plugins-manager-1.9.jar with filter ExtendsClassFilter [parents=[interface org.apache.jmeter.functions.Function], inner=false, contains=null, notContains=null]. Consider exposing JMeter plugins via META-INF/services, and add JMeter-Skip-Class-Scanning=true manifest attribute so JMeter can skip classfile scanning
2024-06-16 13:32:28,181 INFO o.a.j.JMeter: Running test (1718559148181)
2024-06-16 13:32:28,197 INFO o.a.j.e.StandardJMeterEngine: Starting ThreadGroup: 1 : Thread Group
2024-06-16 13:32:28,197 INFO o.a.j.e.StandardJMeterEngine: Starting 1 threads for group Thread Group.
2024-06-16 13:32:28,197 INFO o.a.j.e.StandardJMeterEngine: Thread will continue on error
2024-06-16 13:32:28,198 INFO o.a.j.t.ThreadGroup: Starting thread group... number=1 threads=1 ramp-up=1 delayedStart=false
2024-06-16 13:32:28,201 INFO o.a.j.t.ThreadGroup: Started thread group number 1
2024-06-16 13:32:28,201 INFO o.a.j.e.StandardJMeterEngine: All thread groups have been started
2024-06-16 13:32:28,203 INFO o.a.j.t.JMeterThread: Thread started: Thread Group 1-1
2024-06-16 13:32:28,217 INFO o.a.j.p.h.s.HTTPHCAbstractImpl: Local host = MacBook-Air.lan
2024-06-16 13:32:28,224 INFO o.a.j.p.h.s.HTTPHC4Impl: HTTP request retry count = 0
2024-06-16 13:32:28,225 INFO o.a.j.s.SampleResult: Note: Sample TimeStamps are START times
2024-06-16 13:32:28,225 INFO o.a.j.s.SampleResult: sampleresult.default.encoding is set to UTF-8
2024-06-16 13:32:28,225 INFO o.a.j.s.SampleResult: sampleresult.useNanoTime=true
2024-06-16 13:32:28,225 INFO o.a.j.s.SampleResult: sampleresult.nanoThreadSleep=5000
2024-06-16 13:32:28,313 INFO o.a.j.p.h.s.h.LazyLayeredConnectionSocketFactory: Setting up HTTPS TrustAll Socket Factory
2024-06-16 13:32:28,318 INFO o.a.j.u.JsseSSLManager: Using default SSL protocol: TLS
2024-06-16 13:32:28,318 INFO o.a.j.u.JsseSSLManager: SSL session context: per-thread
2024-06-16 13:32:28,409 INFO o.a.j.u.SSLManager: JmeterKeyStore Location:  type JKS
2024-06-16 13:32:28,412 INFO o.a.j.u.SSLManager: KeyStore created OK
2024-06-16 13:32:28,412 WARN o.a.j.u.SSLManager: Keystore file not found, loading empty keystore
2024-06-16 13:32:29,231 INFO o.a.j.t.JMeterThread: Thread is done: Thread Group 1-1
2024-06-16 13:32:29,231 INFO o.a.j.t.JMeterThread: Thread finished: Thread Group 1-1
2024-06-16 13:32:29,233 INFO o.a.j.e.StandardJMeterEngine: Notifying test listeners of end of test
2024-06-16 13:32:29,234 INFO o.a.j.r.Summariser: summary =      4 in 00:00:01 =    3.8/s Avg:   234 Min:    24 Max:   425 Err:     0 (0.00%)
